<?xml version="1.0" encoding="UTF-8"?>
<!-- Generated by org.testng.reporters.JUnitReportReporter -->
<testsuite hostname="DESKTOP-QVM6J4J" failures="0" tests="1" name="com.Test.groupsconcepts_1" time="0.001" errors="0" timestamp="2024-04-12T08:56:03 IST" skipped="0">
  <testcase classname="com.Test.groupsconcepts_1" name="p1" time="0.001"/>
  <system-out/>
</testsuite> <!-- com.Test.groupsconcepts_1 -->
