<?xml version="1.0" encoding="UTF-8"?>
<!-- Generated by org.testng.reporters.JUnitReportReporter -->
<testsuite hostname="DESKTOP-QVM6J4J" failures="0" tests="2" name="com.CrossBrowser.VerifyTestT1" time="45.619" errors="0" timestamp="2024-04-12T09:23:19 IST" skipped="0">
  <testcase classname="com.CrossBrowser.VerifyTestT1" name="TC_001" time="20.188"/>
  <system-out/>
  <testcase classname="com.CrossBrowser.VerifyTestT1" name="TC_001" time="25.431"/>
  <system-out/>
</testsuite> <!-- com.CrossBrowser.VerifyTestT1 -->
