<?xml version="1.0" encoding="UTF-8"?>
<!-- Generated by org.testng.reporters.JUnitReportReporter -->
<testsuite hostname="DESKTOP-QVM6J4J" failures="0" tests="1" name="com.CrossBrowser.VerifyTestT6" time="24.415" errors="0" timestamp="2024-04-13T09:37:51 IST" skipped="0">
  <testcase classname="com.CrossBrowser.VerifyTestT6" name="verityTC_007" time="24.415"/>
  <system-out/>
</testsuite> <!-- com.CrossBrowser.VerifyTestT6 -->
