<?xml version="1.0" encoding="UTF-8"?>
<!-- Generated by org.testng.reporters.JUnitReportReporter -->
<testsuite hostname="DESKTOP-QVM6J4J" failures="0" tests="1" name="com.Test.Demo_1" time="0.006" errors="0" timestamp="2024-04-04T09:26:51 IST" skipped="0">
  <testcase classname="com.Test.Demo_1" name="verifyTest001" time="0.006"/>
  <system-out/>
</testsuite> <!-- com.Test.Demo_1 -->
