<?xml version="1.0" encoding="UTF-8"?>
<!-- Generated by org.testng.reporters.JUnitReportReporter -->
<testsuite hostname="DESKTOP-QVM6J4J" failures="0" tests="1" name="com.CrossBrowser.VerifyTest_T7" time="5.217" errors="0" timestamp="2024-04-15T09:08:37 IST" skipped="0">
  <testcase classname="com.CrossBrowser.VerifyTest_T7" name="verifyFBTC_001" time="5.217"/>
  <system-out/>
</testsuite> <!-- com.CrossBrowser.VerifyTest_T7 -->
