<?xml version="1.0" encoding="UTF-8"?>
<!-- Generated by org.testng.reporters.JUnitReportReporter -->
<testsuite hostname="DESKTOP-QVM6J4J" failures="0" tests="1" name="com.Test.Demo_4" time="3.584" errors="0" timestamp="2024-04-05T09:24:50 IST" skipped="0">
  <testcase classname="com.Test.Demo_4" name="verifyLoginTest_05" time="3.584"/>
  <system-out/>
</testsuite> <!-- com.Test.Demo_4 -->
