<?xml version="1.0" encoding="UTF-8"?>
<!-- Generated by org.testng.reporters.JUnitReportReporter -->
<testsuite hostname="DESKTOP-QVM6J4J" failures="0" tests="6" name="com.Test.Keyword_Priority" time="0.020" errors="0" timestamp="2024-04-08T09:17:02 IST" skipped="1">
  <testcase classname="com.Test.Keyword_Priority" name="ytr" time="0.001"/>
  <system-out/>
  <testcase classname="com.Test.Keyword_Priority" name="abc" time="0.001"/>
  <system-out/>
  <testcase classname="com.Test.Keyword_Priority" name="rts" time="0.002"/>
  <system-out/>
  <testcase classname="com.Test.Keyword_Priority" name="abc" time="0.016"/>
  <system-out/>
  <testcase classname="com.Test.Keyword_Priority" name="xyz" time="0.000"/>
  <system-out/>
  <testcase classname="com.Test.Keyword_Priority" name="pqr">
    <skipped/>
  </testcase> <!-- pqr -->
  <system-out/>
</testsuite> <!-- com.Test.Keyword_Priority -->
