<?xml version="1.0" encoding="UTF-8"?>
<!-- Generated by org.testng.reporters.JUnitReportReporter -->
<testsuite hostname="DESKTOP-QVM6J4J" failures="0" tests="3" name="com.Test.Demo_2" time="0.002" errors="0" timestamp="2024-04-05T09:24:50 IST" skipped="0">
  <testcase classname="com.Test.Demo_2" name="verifyTest001" time="0.002"/>
  <system-out/>
  <testcase classname="com.Test.Demo_2" name="verifyTest003" time="0.000"/>
  <system-out/>
  <testcase classname="com.Test.Demo_2" name="verifyTest002" time="0.000"/>
  <system-out/>
</testsuite> <!-- com.Test.Demo_2 -->
