<?xml version="1.0" encoding="UTF-8"?>
<!-- Generated by org.testng.reporters.JUnitReportReporter -->
<testsuite hostname="DESKTOP-QVM6J4J" failures="0" tests="3" name="com.Test.Demo_3" time="10.499" errors="0" timestamp="2024-04-05T09:24:50 IST" skipped="0">
  <testcase classname="com.Test.Demo_3" name="verifyLoginTest_03" time="3.434"/>
  <system-out/>
  <testcase classname="com.Test.Demo_3" name="verifyLoginTest_02" time="3.524"/>
  <system-out/>
  <testcase classname="com.Test.Demo_3" name="verifyLoginTest_01" time="3.541"/>
  <system-out/>
</testsuite> <!-- com.Test.Demo_3 -->
