<?xml version="1.0" encoding="UTF-8"?>
<!-- Generated by org.testng.reporters.JUnitReportReporter -->
<testsuite hostname="DESKTOP-QVM6J4J" failures="0" tests="3" name="com.Test.groupsconcepts" time="0.017" errors="0" timestamp="2024-04-12T08:56:03 IST" skipped="0">
  <testcase classname="com.Test.groupsconcepts" name="m4" time="0.001"/>
  <system-out/>
  <testcase classname="com.Test.groupsconcepts" name="m2" time="0.014"/>
  <system-out/>
  <testcase classname="com.Test.groupsconcepts" name="m3" time="0.002"/>
  <system-out/>
</testsuite> <!-- com.Test.groupsconcepts -->
